# JRE version: Java(TM) SE Runtime Environment (17.0.10+11) (build 17.0.10+11-LTS-240)
# Java VM: Java HotSpot(TM) 64-Bit Server VM (17.0.10+11-LTS-240, mixed mode, sharing, tiered, compressed oops, compressed class ptrs, g1 gc, windows-amd64)
GC Precious Log:
 CPUs: 16 total, 16 available
 Memory: 7598M
 Large Page Support: Disabled
 NUMA Support: Disabled
 Compressed Oops: Enabled (32-bit)
 Heap Region Size: 1M
 Heap Min Capacity: 8M
 Heap Initial Capacity: 120M
 Heap Max Capacity: 1900M
 Pre-touch: Disabled
 Parallel Workers: 13
 Concurrent Workers: 3
 Concurrent Refinement Workers: 13
 Periodic GC: Disabled
Heap:
 garbage-first heap   total 122880K, used 24463K [0x0000000089400000, 0x0000000100000000)
  region size 1024K, 16 young (16384K), 9 survivors (9216K)
 Metaspace       used 20513K, committed 20928K, reserved 1114112K
  class space    used 2554K, committed 2752K, reserved 1048576K
GC Heap History (6 events):
Event: 0.832 GC heap before
{Heap before GC invocations=0 (full 0):
 garbage-first heap   total 122880K, used 24576K [0x0000000089400000, 0x0000000100000000)
  region size 1024K, 23 young (23552K), 0 survivors (0K)
 Metaspace       used 7191K, committed 7424K, reserved 1114112K
  class space    used 822K, committed 960K, reserved 1048576K
}
Event: 0.839 GC heap after
{Heap after GC invocations=1 (full 0):
 garbage-first heap   total 122880K, used 8085K [0x0000000089400000, 0x0000000100000000)
  region size 1024K, 3 young (3072K), 3 survivors (3072K)
 Metaspace       used 7191K, committed 7424K, reserved 1114112K
  class space    used 822K, committed 960K, reserved 1048576K
}
Event: 1.386 GC heap before
{Heap before GC invocations=1 (full 0):
 garbage-first heap   total 122880K, used 35733K [0x0000000089400000, 0x0000000100000000)
  region size 1024K, 30 young (30720K), 3 survivors (3072K)
 Metaspace       used 12782K, committed 13120K, reserved 1114112K
  class space    used 1482K, committed 1664K, reserved 1048576K
}
Event: 1.394 GC heap after
{Heap after GC invocations=2 (full 0):
 garbage-first heap   total 122880K, used 12723K [0x0000000089400000, 0x0000000100000000)
  region size 1024K, 4 young (4096K), 4 survivors (4096K)
 Metaspace       used 12782K, committed 13120K, reserved 1114112K
  class space    used 1482K, committed 1664K, reserved 1048576K
}
Event: 6.839 GC heap before
{Heap before GC invocations=2 (full 0):
 garbage-first heap   total 122880K, used 79283K [0x0000000089400000, 0x0000000100000000)
  region size 1024K, 69 young (70656K), 4 survivors (4096K)
 Metaspace       used 20015K, committed 20416K, reserved 1114112K
  class space    used 2490K, committed 2688K, reserved 1048576K
}
Event: 6.849 GC heap after
{Heap after GC invocations=3 (full 0):
 garbage-first heap   total 122880K, used 18319K [0x0000000089400000, 0x0000000100000000)
  region size 1024K, 9 young (9216K), 9 survivors (9216K)
 Metaspace       used 20015K, committed 20416K, reserved 1114112K
  class space    used 2490K, committed 2688K, reserved 1048576K
}

